{
  "RSpec": {
    "coverage": {
      "/Users/Guest/Desktop/stoned/spec/models/mineral_spec.rb": [
        1,
        null,
        1,
        2,
        2,
        2,
        2,
        2,
        2,
        2,
        2,
        2,
        2,
        2,
        2,
        2,
        null
      ],
      "/Users/Guest/Desktop/stoned/spec/rails_helper.rb": [
        null,
        1,
        1,
        1,
        null,
        1,
        1,
        1,
        null,
        null,
        null,
        null,
        null,
        null,
        null,
        null,
        null,
        null,
        null,
        null,
        null,
        null,
        null,
        null,
        null,
        null,
        null,
        1,
        null,
        1,
        null,
        1,
        null,
        null,
        null,
        null,
        1,
        null,
        null,
        null,
        null,
        null,
        null,
        null,
        null,
        null,
        null,
        null,
        null,
        null,
        null,
        1,
        null,
        null,
        1,
        null,
        null,
        null,
        null,
        1,
        1,
        1,
        1,
        null,
        null
      ],
      "/Users/Guest/Desktop/stoned/config/environment.rb": [
        null,
        1,
        null,
        null,
        1
      ],
      "/Users/Guest/Desktop/stoned/config/application.rb": [
        1,
        null,
        1,
        null,
        1,
        1,
        1,
        1,
        1,
        1,
        1,
        null,
        null,
        null,
        null,
        null,
        1,
        null,
        1,
        1,
        null,
        1,
        null,
        null,
        null,
        null,
        null,
        null,
        null,
        null,
        1,
        null,
        null
      ],
      "/Users/Guest/Desktop/stoned/config/boot.rb": [
        1,
        null,
        1
      ],
      "/Users/Guest/Desktop/stoned/config/environments/test.rb": [
        1,
        null,
        null,
        null,
        null,
        null,
        null,
        1,
        null,
        null,
        null,
        null,
        1,
        null,
        null,
        1,
        1,
        null,
        null,
        null,
        null,
        1,
        1,
        null,
        null,
        1,
        null,
        null,
        1,
        1,
        null,
        null,
        null,
        null,
        1,
        null,
        null,
        1,
        null,
        null,
        null,
        null
      ],
      "/Users/Guest/Desktop/stoned/config/initializers/application_controller_renderer.rb": [
        null,
        null,
        null,
        null,
        null,
        null
      ],
      "/Users/Guest/Desktop/stoned/config/initializers/backtrace_silencers.rb": [
        null,
        null,
        null,
        null,
        null,
        null,
        null
      ],
      "/Users/Guest/Desktop/stoned/config/initializers/cors.rb": [
        null,
        null,
        null,
        null,
        null,
        null,
        null,
        null,
        null,
        null,
        null,
        null,
        null,
        null,
        null,
        null
      ],
      "/Users/Guest/Desktop/stoned/config/initializers/filter_parameter_logging.rb": [
        null,
        null,
        null,
        1
      ],
      "/Users/Guest/Desktop/stoned/config/initializers/inflections.rb": [
        null,
        null,
        null,
        null,
        null,
        null,
        null,
        null,
        null,
        null,
        null,
        null,
        null,
        null,
        null,
        null
      ],
      "/Users/Guest/Desktop/stoned/config/initializers/mime_types.rb": [
        null,
        null,
        null,
        null
      ],
      "/Users/Guest/Desktop/stoned/config/initializers/wrap_parameters.rb": [
        null,
        null,
        null,
        null,
        null,
        null,
        1,
        2,
        null,
        null,
        null,
        null,
        null,
        null
      ],
      "/Users/Guest/Desktop/stoned/spec/factories.rb": [
        1,
        null,
        1,
        1,
        1,
        1,
        1,
        null,
        1,
        8,
        null,
        null,
        null,
        null,
        1,
        1,
        1,
        1,
        1,
        1,
        1,
        1,
        1,
        1,
        1,
        1,
        1,
        1,
        null,
        null
      ],
      "/Users/Guest/Desktop/stoned/config/routes.rb": [
        1,
        1,
        1,
        1,
        1,
        null,
        1,
        1,
        1,
        1,
        null,
        null,
        null,
        null
      ],
      "/Users/Guest/Desktop/stoned/spec/support/factory_girl.rb": [
        1,
        1,
        null
      ],
      "/Users/Guest/Desktop/stoned/app/models/mineral.rb": [
        1,
        1,
        1,
        1,
        null,
        null
      ],
      "/Users/Guest/Desktop/stoned/app/models/application_record.rb": [
        1,
        1,
        null
      ],
      "/Users/Guest/Desktop/stoned/spec/models/rock_spec.rb": [
        1,
        null,
        1,
        2,
        2,
        null
      ],
      "/Users/Guest/Desktop/stoned/app/models/rock.rb": [
        1,
        1,
        1,
        2,
        null
      ],
      "/Users/Guest/Desktop/stoned/spec/requests/delete_mineral_spec.rb": [
        1,
        null,
        1,
        null,
        1,
        1,
        1,
        1,
        1,
        null,
        null
      ],
      "/Users/Guest/Desktop/stoned/spec/requests/delete_rock_spec.rb": [
        1,
        null,
        1,
        1,
        null,
        1,
        1,
        1,
        1,
        null,
        null
      ],
      "/Users/Guest/Desktop/stoned/spec/requests/get_by_name_spec.rb": [
        1,
        null,
        1,
        1,
        null,
        1,
        1,
        1,
        null,
        null
      ],
      "/Users/Guest/Desktop/stoned/spec/requests/get_minerals_spec.rb": [
        1,
        null,
        1,
        1,
        2,
        2,
        2,
        null,
        null,
        1,
        1,
        null,
        null,
        1,
        1,
        null,
        null
      ],
      "/Users/Guest/Desktop/stoned/spec/requests/get_random_spec.rb": [
        1,
        null,
        1,
        1,
        2,
        2,
        2,
        null,
        null,
        1,
        1,
        null,
        null,
        1,
        1,
        null,
        null
      ],
      "/Users/Guest/Desktop/stoned/spec/requests/get_rocks_spec.rb": [
        1,
        null,
        1,
        3,
        3,
        null,
        3,
        null,
        1,
        1,
        null,
        null,
        1,
        1,
        null,
        null
      ],
      "/Users/Guest/Desktop/stoned/spec/requests/not_found_exception_spec.rb": [
        1,
        null,
        1,
        null,
        1,
        1,
        1,
        null,
        null
      ],
      "/Users/Guest/Desktop/stoned/spec/requests/post_mineral_spec.rb": [
        1,
        null,
        1,
        1,
        2,
        2,
        2,
        null,
        null,
        null,
        null,
        1,
        1,
        null,
        null,
        1,
        1,
        null,
        null
      ],
      "/Users/Guest/Desktop/stoned/spec/requests/post_rock_spec.rb": [
        1,
        null,
        1,
        1,
        2,
        null,
        null,
        1,
        1,
        null,
        null,
        1,
        1,
        null,
        null
      ],
      "/Users/Guest/Desktop/stoned/spec/requests/put_mineral_spec.rb": [
        1,
        null,
        1,
        null,
        1,
        1,
        1,
        1,
        1,
        null,
        null
      ],
      "/Users/Guest/Desktop/stoned/spec/requests/put_rock_spec.rb": [
        1,
        null,
        1,
        1,
        null,
        1,
        1,
        1,
        1,
        null,
        null
      ],
      "/Users/Guest/Desktop/stoned/spec/requests/serialization_spec.rb": [
        1,
        null,
        1,
        null,
        1,
        2,
        2,
        2,
        null,
        null,
        1,
        1,
        null,
        null,
        1,
        1,
        null,
        null
      ],
      "/Users/Guest/Desktop/stoned/spec/requests/unprocessable_entity_exception_spec.rb": [
        1,
        null,
        1,
        1,
        1,
        null,
        null,
        1,
        1,
        null,
        null
      ],
      "/Users/Guest/Desktop/stoned/app/controllers/minerals_controller.rb": [
        1,
        1,
        2,
        2,
        2,
        null,
        null,
        1,
        4,
        4,
        4,
        null,
        null,
        1,
        2,
        2,
        2,
        null,
        null,
        1,
        2,
        2,
        2,
        null,
        null,
        1,
        1,
        1,
        1,
        1,
        null,
        null,
        null,
        null,
        null,
        1,
        1,
        1,
        1,
        null,
        null,
        null,
        null,
        null,
        1,
        1,
        3,
        null,
        null
      ],
      "/Users/Guest/Desktop/stoned/app/controllers/application_controller.rb": [
        1,
        1,
        null,
        1,
        1,
        null,
        null,
        1,
        1,
        null,
        null
      ],
      "/Users/Guest/Desktop/stoned/app/controllers/concerns/response.rb": [
        1,
        1,
        19,
        null,
        null
      ],
      "/Users/Guest/Desktop/stoned/app/serializers/mineral_serializer.rb": [
        1,
        1,
        1,
        null
      ],
      "/Users/Guest/Desktop/stoned/app/serializers/rock_serializer.rb": [
        1,
        1,
        null
      ],
      "/Users/Guest/Desktop/stoned/app/controllers/rocks_controller.rb": [
        1,
        1,
        2,
        2,
        null,
        null,
        1,
        3,
        2,
        null,
        null,
        1,
        1,
        1,
        null,
        null,
        1,
        3,
        2,
        null,
        null,
        1,
        1,
        1,
        1,
        null,
        null,
        null,
        null,
        null,
        1,
        1,
        1,
        1,
        null,
        null,
        null,
        null,
        null,
        1,
        1,
        4,
        null,
        null,
        null
      ]
    },
    "timestamp": 1501023566
  }
}
